TN:
SF:src\main\services\TimeService.ts
FN:25,(anonymous_0)
FN:35,(anonymous_1)
FN:46,(anonymous_2)
FN:59,(anonymous_3)
FN:68,(anonymous_4)
FN:77,(anonymous_5)
FN:107,(anonymous_6)
FN:143,(anonymous_7)
FN:174,(anonymous_8)
FN:192,(anonymous_9)
FN:193,(anonymous_10)
FN:201,(anonymous_11)
FN:228,(anonymous_12)
FN:238,(anonymous_13)
FN:259,(anonymous_14)
FNF:15
FNH:15
FNDA:1,(anonymous_0)
FNDA:24,(anonymous_1)
FNDA:15,(anonymous_2)
FNDA:1,(anonymous_3)
FNDA:1,(anonymous_4)
FNDA:6,(anonymous_5)
FNDA:4,(anonymous_6)
FNDA:10,(anonymous_7)
FNDA:22,(anonymous_8)
FNDA:3,(anonymous_9)
FNDA:3,(anonymous_10)
FNDA:2,(anonymous_11)
FNDA:3,(anonymous_12)
FNDA:2,(anonymous_13)
FNDA:1,(anonymous_14)
DA:12,1
DA:13,1
DA:15,1
DA:25,1
DA:27,1
DA:28,1
DA:29,1
DA:36,24
DA:37,1
DA:39,24
DA:47,15
DA:50,15
DA:52,15
DA:60,1
DA:61,1
DA:69,1
DA:70,1
DA:78,6
DA:80,6
DA:81,10
DA:82,10
DA:83,10
DA:84,4
DA:85,4
DA:86,4
DA:89,0
DA:94,2
DA:95,2
DA:96,2
DA:98,0
DA:99,0
DA:108,4
DA:109,4
DA:112,3
DA:113,3
DA:115,3
DA:116,1
DA:117,1
DA:121,2
DA:122,1
DA:123,1
DA:125,1
DA:126,1
DA:127,1
DA:131,1
DA:132,1
DA:134,1
DA:135,1
DA:144,10
DA:146,10
DA:148,10
DA:150,8
DA:151,2
DA:153,1
DA:154,1
DA:156,1
DA:157,1
DA:159,0
DA:163,4
DA:165,6
DA:166,6
DA:175,22
DA:185,22
DA:193,3
DA:194,3
DA:196,1
DA:199,2
DA:201,2
DA:202,2
DA:203,2
DA:205,2
DA:207,1
DA:208,1
DA:209,1
DA:213,1
DA:216,2
DA:225,1
DA:229,3
DA:230,1
DA:232,3
DA:239,2
DA:240,2
DA:242,2
DA:244,2
DA:247,1
DA:248,1
DA:250,1
DA:251,1
DA:260,1
DA:262,1
DA:273,1
DA:278,1
DA:279,1
LF:93
LH:89
BRDA:36,0,0,1
BRDA:83,1,0,4
BRDA:115,2,0,1
BRDA:121,3,0,1
BRDA:125,4,0,1
BRDA:148,5,0,8
BRDA:148,5,1,2
BRDA:151,6,0,1
BRDA:151,6,1,1
BRDA:154,7,0,1
BRDA:181,8,0,22
BRDA:181,8,1,17
BRDA:194,9,0,1
BRDA:205,10,0,1
BRDA:208,11,0,1
BRDA:229,12,0,1
BRF:16
BRH:16
end_of_record
